worldedit branch errors:

2015-06-17 16:55:58 [Server thread][INFO] VirtualPlayers version 1.6.4.1
2015-06-17 16:55:58 [Server thread][INFO] Create Virtualplayers for debugging or running commands otherwise unavailable from the console
2015-06-17 16:55:58 [Server thread][INFO] Website: https://github.com/Europia79/VirtualPlayers
2015-06-17 16:55:58 [Server thread][INFO] Authors: Alkarin and Europia79
2015-06-17 16:56:54 [Server thread][INFO] [Essentials] Found new UUID for tester. Replacing 7aecc6d2-e1da-4893-bd93-cf24808f8c9f with 1241a362-a9ff-4a1e-af8e-eb293a95252d
2015-06-17 16:56:54 [Server thread][INFO] tester[local] logged in with entity id 94 at ([world] -427.5, 4.0, -1210.5)
2015-06-17 16:56:54 [Server thread][INFO] [tester] 'tester is connecting'
2015-06-17 16:56:54 [Server thread][INFO] [tester] 'tester connecting.  Details:tester h=20.0 o=true d=false loc=world,0.0,0.0,0.0 gm=SURVIVAL'
2015-06-17 16:56:54 [Server thread][INFO] tester connecting.  Details:tester h=20.0 o=true d=false loc=world,0.0,0.0,0.0 gm=SURVIVAL
2015-06-17 16:56:54 [pool-6-thread-1][INFO] Creating empty config: C:\Users\Nikolai\Documents\NetBeansProjects\server\plugins\Essentials\userdata\1241a362-a9ff-4a1e-af8e-eb293a95252d.yml
2015-06-17 16:56:54 [Server thread][INFO] LoginValidator called for tester
2015-06-17 16:56:54 [Server thread][INFO] [tester] 'tester gettingMessage= [HolographicDisplays] Found an update: v2.1.10. Download:'
2015-06-17 16:56:54 [Server thread][INFO] [tester] 'tester gettingMessage= >> http://dev.bukkit.org/bukkit-plugins/holographic-displays'
2015-06-17 16:56:54 [Server thread][INFO] [tester] 'tester gettingMessage= [EnjinMinecraftPlugin] Your version of Vault is outdated. Groups and permissions will not update.'
2015-06-17 16:56:54 [Server thread][INFO] [tester] 'tester gettingMessage= Download the latest version here: http://dev.bukkit.org/bukkit-plugins/vault/files/'
2015-06-17 16:56:54 [Server thread][WARN] ยง4Failed to teleport new player!
java.lang.NullPointerException
	at net.minecraft.server.v1_8_R1.PlayerConnection.isDisconnected(PlayerConnection.java:2072) ~[spigot.jar:git-Spigot-b73910a-726656b]
	at org.bukkit.craftbukkit.v1_8_R1.entity.CraftPlayer.teleport(CraftPlayer.java:434) ~[spigot.jar:git-Spigot-b73910a-726656b]
	at com.earth2me.essentials.Teleport.now(Teleport.java:126) ~[Essentials180.jar:?]
	at com.earth2me.essentials.Teleport.now(Teleport.java:84) ~[Essentials180.jar:?]
	at com.earth2me.essentials.spawn.EssentialsSpawnPlayerListener$NewPlayerTeleport.run(EssentialsSpawnPlayerListener.java:162) [EssentialsSpawn180.jar:?]
	at org.bukkit.craftbukkit.v1_8_R1.scheduler.CraftTask.run(CraftTask.java:71) [spigot.jar:git-Spigot-b73910a-726656b]
	at org.bukkit.craftbukkit.v1_8_R1.scheduler.CraftScheduler.mainThreadHeartbeat(CraftScheduler.java:350) [spigot.jar:git-Spigot-b73910a-726656b]
	at net.minecraft.server.v1_8_R1.MinecraftServer.z(MinecraftServer.java:709) [spigot.jar:git-Spigot-b73910a-726656b]
	at net.minecraft.server.v1_8_R1.DedicatedServer.z(DedicatedServer.java:316) [spigot.jar:git-Spigot-b73910a-726656b]
	at net.minecraft.server.v1_8_R1.MinecraftServer.y(MinecraftServer.java:634) [spigot.jar:git-Spigot-b73910a-726656b]
	at net.minecraft.server.v1_8_R1.MinecraftServer.run(MinecraftServer.java:537) [spigot.jar:git-Spigot-b73910a-726656b]
	at java.lang.Thread.run(Unknown Source) [?:1.8.0_11]
2015-06-17 16:56:54 [Server thread][INFO] inv = [Lorg.bukkit.inventory.ItemStack;@5c38e331
2015-06-17 16:56:54 [Server thread][WARN] ultiverse-Core] Task #91 for Multiverse-Core v2.4-b527 generated an exception
java.lang.NullPointerException
	at net.minecraft.server.v1_8_R1.PlayerConnection.isDisconnected(PlayerConnection.java:2072) ~[spigot.jar:git-Spigot-b73910a-726656b]
	at org.bukkit.craftbukkit.v1_8_R1.entity.CraftPlayer.teleport(CraftPlayer.java:434) ~[spigot.jar:git-Spigot-b73910a-726656b]
	at mc.alk.virtualplayers.nms.v1_8_R1.VirtualPlayer.teleport(VirtualPlayer.java:203) ~[?:?]
	at mc.alk.virtualplayers.nms.v1_8_R1.VirtualPlayer.teleport(VirtualPlayer.java:210) ~[?:?]
	at com.onarandombox.MultiverseCore.listeners.MVPlayerListener$1.run(MVPlayerListener.java:303) ~[?:?]
	at org.bukkit.craftbukkit.v1_8_R1.scheduler.CraftTask.run(CraftTask.java:71) ~[spigot.jar:git-Spigot-b73910a-726656b]
	at org.bukkit.craftbukkit.v1_8_R1.scheduler.CraftScheduler.mainThreadHeartbeat(CraftScheduler.java:350) [spigot.jar:git-Spigot-b73910a-726656b]
	at net.minecraft.server.v1_8_R1.MinecraftServer.z(MinecraftServer.java:709) [spigot.jar:git-Spigot-b73910a-726656b]
	at net.minecraft.server.v1_8_R1.DedicatedServer.z(DedicatedServer.java:316) [spigot.jar:git-Spigot-b73910a-726656b]
	at net.minecraft.server.v1_8_R1.MinecraftServer.y(MinecraftServer.java:634) [spigot.jar:git-Spigot-b73910a-726656b]
	at net.minecraft.server.v1_8_R1.MinecraftServer.run(MinecraftServer.java:537) [spigot.jar:git-Spigot-b73910a-726656b]
	at java.lang.Thread.run(Unknown Source) [?:1.8.0_11]
2015-06-17 16:56:54 [Server thread][WARN] ยง4Failed to teleport new player!
java.lang.NullPointerException
	at net.minecraft.server.v1_8_R1.PlayerConnection.isDisconnected(PlayerConnection.java:2072) ~[spigot.jar:git-Spigot-b73910a-726656b]
	at org.bukkit.craftbukkit.v1_8_R1.entity.CraftPlayer.teleport(CraftPlayer.java:434) ~[spigot.jar:git-Spigot-b73910a-726656b]
	at com.earth2me.essentials.Teleport.now(Teleport.java:126) ~[Essentials180.jar:?]
	at com.earth2me.essentials.Teleport.now(Teleport.java:84) ~[Essentials180.jar:?]
	at com.earth2me.essentials.spawn.EssentialsSpawnPlayerListener$NewPlayerTeleport.run(EssentialsSpawnPlayerListener.java:162) [EssentialsSpawn180.jar:?]
	at org.bukkit.craftbukkit.v1_8_R1.scheduler.CraftTask.run(CraftTask.java:71) [spigot.jar:git-Spigot-b73910a-726656b]
	at org.bukkit.craftbukkit.v1_8_R1.scheduler.CraftScheduler.mainThreadHeartbeat(CraftScheduler.java:350) [spigot.jar:git-Spigot-b73910a-726656b]
	at net.minecraft.server.v1_8_R1.MinecraftServer.z(MinecraftServer.java:709) [spigot.jar:git-Spigot-b73910a-726656b]
	at net.minecraft.server.v1_8_R1.DedicatedServer.z(DedicatedServer.java:316) [spigot.jar:git-Spigot-b73910a-726656b]
	at net.minecraft.server.v1_8_R1.MinecraftServer.y(MinecraftServer.java:634) [spigot.jar:git-Spigot-b73910a-726656b]
	at net.minecraft.server.v1_8_R1.MinecraftServer.run(MinecraftServer.java:537) [spigot.jar:git-Spigot-b73910a-726656b]
	at java.lang.Thread.run(Unknown Source) [?:1.8.0_11]
    
    /dc tester arena join
2015-06-17 16:58:38 [Server thread][INFO] <vp>  [string ...] :Player tester is not a VirtualPlayer



Occurs on v1_7_R4
Does NOT occur on v1_7_R3

./dc tester connect
./dc tester chat this is a test msg

The command works fine, but produces an EssentialsChat error.

2014-07-20 13:32:48 [Server thread][INFO] Europia79[/127.0.0.1:54278] logged in with entity id 305 at ([world] -869.5996630658932, 4.0, -1172.589664910662)
2014-07-20 13:32:53 [Server thread][INFO] [tester] 'tester is connecting'
2014-07-20 13:32:53 [Server thread][INFO] [tester] 'tester connecting.  Details:tester[0;33;1m h=20.0[0;33;1m o=true[0;33;1m d=[0;37;22mfalse[0;33;1m loc=world,0.0,0.0,0.0[0;33;1m gm=[0;30;1mSURVIVAL'
2014-07-20 13:32:53 [Server thread][INFO] tester connecting.  Details:tester[0;33;1m h=20.0[0;33;1m o=true[0;33;1m d=[0;37;22mfalse[0;33;1m loc=world,0.0,0.0,0.0[0;33;1m gm=[0;30;1mSURVIVAL
2014-07-20 13:32:53 [Server thread][INFO] [tester] 'tester[0;33;1m teleporting from 0.0,0.0,0.0 [0;33;1m-> -431.0,4.0,-1211.0'
2014-07-20 13:32:54 [Server thread][INFO] [tester] 'tester gettingMessage= Welcome, tester!'
2014-07-20 13:32:54 [Server thread][INFO] [tester] 'tester gettingMessage= Type [0;31;1m/help for a list of commands.'
2014-07-20 13:32:54 [Server thread][INFO] [tester] 'tester gettingMessage= Type [0;31;1m/list to see who else is online.'
2014-07-20 13:32:54 [Server thread][INFO] [tester] 'tester gettingMessage= Players online:[0;31;1m 1 - World time:[0;31;1m 4:19 PM'
2014-07-20 13:32:54 [Server thread][INFO] [tester] 'tester gettingMessage= You have no new mail.'
DEBUGGING LINES:
2014-07-20 13:33:03 [Server thread][INFO] sender = CONSOLE
2014-07-20 13:33:03 [Server thread][INFO] vp = tester
2014-07-20 13:33:03 [Server thread][INFO] args = [Ljava.lang.String;@5f6bc40
2014-07-20 13:33:03 [Server thread][INFO] players = [tester&e h=&220.0&e o=&5true&e d=&7false&e loc=&4&5world,&4-431.0,4.0,-1211.0&e gm=&8SURVIVAL, CraftPlayer{name=Europia79}]
END DEBUGGING LINES.
2014-07-20 13:33:03 [Server thread][INFO] tester said this is a test msg
2014-07-20 13:33:03 [Thread-14][ERROR] Could not pass event AsyncPlayerChatEvent to EssentialsChat v2.13.1
org.bukkit.event.EventException
	at org.bukkit.plugin.java.JavaPluginLoader$1.execute(JavaPluginLoader.java:294) ~[craftbukkit1710.jar:git-Bukkit-1.7.9-R0.2-14-gd373bc2-b3103jnks]
	at org.bukkit.plugin.RegisteredListener.callEvent(RegisteredListener.java:62) ~[craftbukkit1710.jar:git-Bukkit-1.7.9-R0.2-14-gd373bc2-b3103jnks]
	at org.bukkit.plugin.SimplePluginManager.fireEvent(SimplePluginManager.java:501) [craftbukkit1710.jar:git-Bukkit-1.7.9-R0.2-14-gd373bc2-b3103jnks]
	at org.bukkit.plugin.SimplePluginManager.callEvent(SimplePluginManager.java:483) [craftbukkit1710.jar:git-Bukkit-1.7.9-R0.2-14-gd373bc2-b3103jnks]
	at mc.alk.virtualplayers.nms.v1_7_R4.PlayerExecutor$1.run(PlayerExecutor.java:216) [VirtualPlayers.jar:?]
	at java.lang.Thread.run(Unknown Source) [?:1.8.0_05]
Caused by: java.lang.NullPointerException
	at com.earth2me.essentials.chat.EssentialsChatPlayerListenerLowest.onPlayerChat(EssentialsChatPlayerListenerLowest.java:50) ~[?:?]
	at sun.reflect.NativeMethodAccessorImpl.invoke0(Native Method) ~[?:1.8.0_05]
	at sun.reflect.NativeMethodAccessorImpl.invoke(Unknown Source) ~[?:1.8.0_05]
	at sun.reflect.DelegatingMethodAccessorImpl.invoke(Unknown Source) ~[?:1.8.0_05]
	at java.lang.reflect.Method.invoke(Unknown Source) ~[?:1.8.0_05]
	at org.bukkit.plugin.java.JavaPluginLoader$1.execute(JavaPluginLoader.java:292) ~[craftbukkit1710.jar:git-Bukkit-1.7.9-R0.2-14-gd373bc2-b3103jnks]
	... 5 more
2014-07-20 13:33:03 [Thread-14][INFO] [tester] 'tester gettingMessage= <tester> this is a test msg'
